2023-04-12 14:47:57,065 INFO c.e.t.TelegrambotApplication [main] Starting TelegrambotApplication using Java 17.0.2 with PID 18664 (D:\Projects\Telegram bot\telegrambot\target\classes started by Vadimas in D:\Projects\Telegram bot\telegrambot)
2023-04-12 14:47:57,072 INFO c.e.t.TelegrambotApplication [main] No active profile set, falling back to 1 default profile: "default"
2023-04-12 14:47:58,975 INFO o.s.b.w.e.t.TomcatWebServer [main] Tomcat initialized with port(s): 8080 (http)
2023-04-12 14:47:58,996 INFO o.a.c.h.Http11NioProtocol [main] Initializing ProtocolHandler ["http-nio-8080"]
2023-04-12 14:47:58,997 INFO o.a.c.c.StandardService [main] Starting service [Tomcat]
2023-04-12 14:47:58,997 INFO o.a.c.c.StandardEngine [main] Starting Servlet engine: [Apache Tomcat/10.1.7]
2023-04-12 14:47:59,204 INFO o.a.c.c.C.[.[.[/] [main] Initializing Spring embedded WebApplicationContext
2023-04-12 14:47:59,204 INFO o.s.b.w.s.c.ServletWebServerApplicationContext [main] Root WebApplicationContext: initialization completed in 1963 ms
2023-04-12 14:48:00,233 INFO o.a.c.h.Http11NioProtocol [main] Starting ProtocolHandler ["http-nio-8080"]
2023-04-12 14:48:00,289 INFO o.s.b.w.e.t.TomcatWebServer [main] Tomcat started on port(s): 8080 (http) with context path ''
2023-04-12 14:48:01,255 INFO c.e.t.TelegrambotApplication [main] Started TelegrambotApplication in 4.905 seconds (process running for 6.458)
2023-04-12 14:48:02,126 INFO c.e.t.s.TelegramBot [java_dev_quiz_bot Telegram Executor] Send message to 797947018 text - Hello, i am a simple bot, you can write me any message and i will return it to you)
2023-04-12 14:48:15,937 INFO c.e.t.s.TelegramBot [java_dev_quiz_bot Telegram Executor] Send message to 797947018 text - gfdgfdg
2023-04-12 14:56:41,274 INFO c.e.t.TelegrambotApplication [main] Starting TelegrambotApplication using Java 17.0.2 with PID 2592 (D:\Projects\Telegram bot\telegrambot\target\classes started by Vadimas in D:\Projects\Telegram bot\telegrambot)
2023-04-12 14:56:41,278 INFO c.e.t.TelegrambotApplication [main] No active profile set, falling back to 1 default profile: "default"
2023-04-12 14:56:43,725 INFO o.s.b.w.e.t.TomcatWebServer [main] Tomcat initialized with port(s): 8080 (http)
2023-04-12 14:56:43,740 INFO o.a.c.h.Http11NioProtocol [main] Initializing ProtocolHandler ["http-nio-8080"]
2023-04-12 14:56:43,741 INFO o.a.c.c.StandardService [main] Starting service [Tomcat]
2023-04-12 14:56:43,742 INFO o.a.c.c.StandardEngine [main] Starting Servlet engine: [Apache Tomcat/10.1.7]
2023-04-12 14:56:44,000 INFO o.a.c.c.C.[.[.[/] [main] Initializing Spring embedded WebApplicationContext
2023-04-12 14:56:44,001 INFO o.s.b.w.s.c.ServletWebServerApplicationContext [main] Root WebApplicationContext: initialization completed in 2610 ms
2023-04-12 14:56:45,266 INFO o.a.c.h.Http11NioProtocol [main] Starting ProtocolHandler ["http-nio-8080"]
2023-04-12 14:56:45,317 INFO o.s.b.w.e.t.TomcatWebServer [main] Tomcat started on port(s): 8080 (http) with context path ''
2023-04-12 14:56:45,948 INFO c.e.t.TelegrambotApplication [main] Started TelegrambotApplication in 5.374 seconds (process running for 6.522)
2023-04-12 14:56:51,332 INFO c.e.t.s.TelegramBot [java_dev_quiz_bot Telegram Executor] Send message to 797947018 text - Hello, i am a simple bot, you can write me any message and i will return it to you)
2023-04-12 14:56:56,246 INFO c.e.t.s.TelegramBot [java_dev_quiz_bot Telegram Executor] Send message to 797947018 text - /quiz
2023-04-12 15:02:58,731 INFO c.e.t.TelegrambotApplication [main] Starting TelegrambotApplication using Java 17.0.2 with PID 19360 (D:\Projects\Telegram bot\telegrambot\target\classes started by Vadimas in D:\Projects\Telegram bot\telegrambot)
2023-04-12 15:02:58,736 INFO c.e.t.TelegrambotApplication [main] No active profile set, falling back to 1 default profile: "default"
2023-04-12 15:03:01,475 INFO o.s.b.w.e.t.TomcatWebServer [main] Tomcat initialized with port(s): 8080 (http)
2023-04-12 15:03:01,507 INFO o.a.c.h.Http11NioProtocol [main] Initializing ProtocolHandler ["http-nio-8080"]
2023-04-12 15:03:01,518 INFO o.a.c.c.StandardService [main] Starting service [Tomcat]
2023-04-12 15:03:01,518 INFO o.a.c.c.StandardEngine [main] Starting Servlet engine: [Apache Tomcat/10.1.7]
2023-04-12 15:03:02,009 INFO o.a.c.c.C.[.[.[/] [main] Initializing Spring embedded WebApplicationContext
2023-04-12 15:03:02,011 INFO o.s.b.w.s.c.ServletWebServerApplicationContext [main] Root WebApplicationContext: initialization completed in 3162 ms
2023-04-12 15:03:04,217 INFO o.a.c.h.Http11NioProtocol [main] Starting ProtocolHandler ["http-nio-8080"]
2023-04-12 15:03:04,264 INFO o.s.b.w.e.t.TomcatWebServer [main] Tomcat started on port(s): 8080 (http) with context path ''
2023-04-12 15:03:04,342 INFO c.e.t.TelegrambotApplication [main] Started TelegrambotApplication in 6.422 seconds (process running for 7.699)
2023-04-12 15:03:04,618 INFO c.e.t.s.TelegramBot [java_dev_quiz_bot Telegram Executor] Send message to 797947018 text - Hello, i am a simple bot, you can write me any message and i will return it to you)
2023-04-12 15:04:32,442 INFO c.e.t.s.TelegramBot [java_dev_quiz_bot Telegram Executor] Send message to 797947018 text - Hello, i am a simple bot, you can write me any message and i will return it to you)
2023-04-12 15:04:34,190 INFO c.e.t.s.TelegramBot [java_dev_quiz_bot Telegram Executor] Send message to 797947018 text - /quiz
2023-04-12 15:19:01,142 INFO c.e.t.TelegrambotApplication [main] Starting TelegrambotApplication using Java 17.0.2 with PID 2436 (D:\Projects\Telegram bot\telegrambot\target\classes started by Vadimas in D:\Projects\Telegram bot\telegrambot)
2023-04-12 15:19:01,144 INFO c.e.t.TelegrambotApplication [main] No active profile set, falling back to 1 default profile: "default"
2023-04-12 15:19:02,125 INFO o.s.b.w.e.t.TomcatWebServer [main] Tomcat initialized with port(s): 8080 (http)
2023-04-12 15:19:02,135 INFO o.a.c.h.Http11NioProtocol [main] Initializing ProtocolHandler ["http-nio-8080"]
2023-04-12 15:19:02,136 INFO o.a.c.c.StandardService [main] Starting service [Tomcat]
2023-04-12 15:19:02,136 INFO o.a.c.c.StandardEngine [main] Starting Servlet engine: [Apache Tomcat/10.1.7]
2023-04-12 15:19:02,252 INFO o.a.c.c.C.[.[.[/] [main] Initializing Spring embedded WebApplicationContext
2023-04-12 15:19:02,252 INFO o.s.b.w.s.c.ServletWebServerApplicationContext [main] Root WebApplicationContext: initialization completed in 1052 ms
2023-04-12 15:19:03,192 INFO o.a.c.h.Http11NioProtocol [main] Starting ProtocolHandler ["http-nio-8080"]
2023-04-12 15:19:03,230 INFO o.s.b.w.e.t.TomcatWebServer [main] Tomcat started on port(s): 8080 (http) with context path ''
2023-04-12 15:19:03,303 INFO c.e.t.TelegrambotApplication [main] Started TelegrambotApplication in 2.475 seconds (process running for 2.987)
2023-04-12 15:19:07,418 ERROR c.e.t.s.TelegramBot [java_dev_quiz_bot Telegram Executor] Error occurred in sendMessage function - org.telegram.telegrambots.meta.exceptions.TelegramApiValidationException: Text parameter can't be empty in method: SendMessage(chatId=797947018, text=, parseMode=null, disableWebPagePreview=null, disableNotification=null, replyToMessageId=null, replyMarkup=InlineKeyboardMarkup(keyboard=[[InlineKeyboardButton(text=No, url=null, callbackData=NO_BTN, callbackGame=null, switchInlineQuery=null, switchInlineQueryCurrentChat=null, pay=null, loginUrl=null, webApp=null), InlineKeyboardButton(text=null, url=null, callbackData=null, callbackGame=null, switchInlineQuery=null, switchInlineQueryCurrentChat=null, pay=null, loginUrl=null, webApp=null)]]), entities=null, allowSendingWithoutReply=null, protectContent=null)
2023-04-12 15:19:17,283 INFO c.e.t.s.TelegramBot [java_dev_quiz_bot Telegram Executor] Send message to 797947018 text - Hello, i am a simple bot, you can write me any message and i will return it to you)
2023-04-12 15:19:19,080 ERROR c.e.t.s.TelegramBot [java_dev_quiz_bot Telegram Executor] Error occurred in sendMessage function - org.telegram.telegrambots.meta.exceptions.TelegramApiValidationException: Text parameter can't be empty in method: SendMessage(chatId=797947018, text=, parseMode=null, disableWebPagePreview=null, disableNotification=null, replyToMessageId=null, replyMarkup=InlineKeyboardMarkup(keyboard=[[InlineKeyboardButton(text=No, url=null, callbackData=NO_BTN, callbackGame=null, switchInlineQuery=null, switchInlineQueryCurrentChat=null, pay=null, loginUrl=null, webApp=null), InlineKeyboardButton(text=null, url=null, callbackData=null, callbackGame=null, switchInlineQuery=null, switchInlineQueryCurrentChat=null, pay=null, loginUrl=null, webApp=null)]]), entities=null, allowSendingWithoutReply=null, protectContent=null)
2023-04-12 15:20:05,542 INFO c.e.t.TelegrambotApplication [main] Starting TelegrambotApplication using Java 17.0.2 with PID 10600 (D:\Projects\Telegram bot\telegrambot\target\classes started by Vadimas in D:\Projects\Telegram bot\telegrambot)
2023-04-12 15:20:05,544 INFO c.e.t.TelegrambotApplication [main] No active profile set, falling back to 1 default profile: "default"
2023-04-12 15:20:06,622 INFO o.s.b.w.e.t.TomcatWebServer [main] Tomcat initialized with port(s): 8080 (http)
2023-04-12 15:20:06,631 INFO o.a.c.h.Http11NioProtocol [main] Initializing ProtocolHandler ["http-nio-8080"]
2023-04-12 15:20:06,632 INFO o.a.c.c.StandardService [main] Starting service [Tomcat]
2023-04-12 15:20:06,632 INFO o.a.c.c.StandardEngine [main] Starting Servlet engine: [Apache Tomcat/10.1.7]
2023-04-12 15:20:06,743 INFO o.a.c.c.C.[.[.[/] [main] Initializing Spring embedded WebApplicationContext
2023-04-12 15:20:06,743 INFO o.s.b.w.s.c.ServletWebServerApplicationContext [main] Root WebApplicationContext: initialization completed in 1140 ms
2023-04-12 15:20:07,688 INFO o.a.c.h.Http11NioProtocol [main] Starting ProtocolHandler ["http-nio-8080"]
2023-04-12 15:20:07,710 INFO o.s.b.w.e.t.TomcatWebServer [main] Tomcat started on port(s): 8080 (http) with context path ''
2023-04-12 15:20:07,779 INFO c.e.t.TelegrambotApplication [main] Started TelegrambotApplication in 2.55 seconds (process running for 3.062)
2023-04-12 15:20:09,308 ERROR o.t.t.u.DefaultBotSession [java_dev_quiz_bot Telegram Executor] Cannot invoke "String.isEmpty()" because "this.text" is null
java.lang.NullPointerException: Cannot invoke "String.isEmpty()" because "this.text" is null
	at org.telegram.telegrambots.meta.api.objects.replykeyboard.buttons.InlineKeyboardButton.validate(InlineKeyboardButton.java:114)
	at org.telegram.telegrambots.meta.api.objects.replykeyboard.InlineKeyboardMarkup.validate(InlineKeyboardMarkup.java:49)
	at org.telegram.telegrambots.meta.api.methods.send.SendMessage.validate(SendMessage.java:151)
	at org.telegram.telegrambots.bots.DefaultAbsSender.sendMethodRequest(DefaultAbsSender.java:1070)
	at org.telegram.telegrambots.bots.DefaultAbsSender.sendApiMethod(DefaultAbsSender.java:1044)
	at org.telegram.telegrambots.meta.bots.AbsSender.execute(AbsSender.java:64)
	at com.example.telegrambot.service.TelegramBot.startQuiz(TelegramBot.java:87)
	at com.example.telegrambot.service.TelegramBot.onUpdateReceived(TelegramBot.java:53)
	at java.base/java.util.ArrayList.forEach(ArrayList.java:1511)
	at org.telegram.telegrambots.meta.generics.LongPollingBot.onUpdatesReceived(LongPollingBot.java:27)
	at org.telegram.telegrambots.updatesreceivers.DefaultBotSession$HandlerThread.run(DefaultBotSession.java:317)
2023-04-12 15:22:42,422 ERROR o.t.t.u.DefaultBotSession [java_dev_quiz_bot Telegram Executor] Cannot invoke "String.isEmpty()" because "this.text" is null
java.lang.NullPointerException: Cannot invoke "String.isEmpty()" because "this.text" is null
	at org.telegram.telegrambots.meta.api.objects.replykeyboard.buttons.InlineKeyboardButton.validate(InlineKeyboardButton.java:114)
	at org.telegram.telegrambots.meta.api.objects.replykeyboard.InlineKeyboardMarkup.validate(InlineKeyboardMarkup.java:49)
	at org.telegram.telegrambots.meta.api.methods.send.SendMessage.validate(SendMessage.java:151)
	at org.telegram.telegrambots.bots.DefaultAbsSender.sendMethodRequest(DefaultAbsSender.java:1070)
	at org.telegram.telegrambots.bots.DefaultAbsSender.sendApiMethod(DefaultAbsSender.java:1044)
	at org.telegram.telegrambots.meta.bots.AbsSender.execute(AbsSender.java:64)
	at com.example.telegrambot.service.TelegramBot.startQuiz(TelegramBot.java:87)
	at com.example.telegrambot.service.TelegramBot.onUpdateReceived(TelegramBot.java:53)
	at java.base/java.util.ArrayList.forEach(ArrayList.java:1511)
	at org.telegram.telegrambots.meta.generics.LongPollingBot.onUpdatesReceived(LongPollingBot.java:27)
	at org.telegram.telegrambots.updatesreceivers.DefaultBotSession$HandlerThread.run(DefaultBotSession.java:317)
2023-04-12 15:24:10,362 INFO c.e.t.TelegrambotApplication [main] Starting TelegrambotApplication using Java 17.0.2 with PID 12524 (D:\Projects\Telegram bot\telegrambot\target\classes started by Vadimas in D:\Projects\Telegram bot\telegrambot)
2023-04-12 15:24:10,365 INFO c.e.t.TelegrambotApplication [main] No active profile set, falling back to 1 default profile: "default"
2023-04-12 15:24:11,382 INFO o.s.b.w.e.t.TomcatWebServer [main] Tomcat initialized with port(s): 8080 (http)
2023-04-12 15:24:11,392 INFO o.a.c.h.Http11NioProtocol [main] Initializing ProtocolHandler ["http-nio-8080"]
2023-04-12 15:24:11,393 INFO o.a.c.c.StandardService [main] Starting service [Tomcat]
2023-04-12 15:24:11,393 INFO o.a.c.c.StandardEngine [main] Starting Servlet engine: [Apache Tomcat/10.1.7]
2023-04-12 15:24:11,502 INFO o.a.c.c.C.[.[.[/] [main] Initializing Spring embedded WebApplicationContext
2023-04-12 15:24:11,502 INFO o.s.b.w.s.c.ServletWebServerApplicationContext [main] Root WebApplicationContext: initialization completed in 1071 ms
2023-04-12 15:24:12,649 INFO o.a.c.h.Http11NioProtocol [main] Starting ProtocolHandler ["http-nio-8080"]
2023-04-12 15:24:12,676 INFO o.s.b.w.e.t.TomcatWebServer [main] Tomcat started on port(s): 8080 (http) with context path ''
2023-04-12 15:24:12,746 INFO c.e.t.TelegrambotApplication [main] Started TelegrambotApplication in 2.752 seconds (process running for 3.438)
2023-04-12 15:24:13,278 ERROR o.t.t.u.DefaultBotSession [java_dev_quiz_bot Telegram Executor] Cannot invoke "String.isEmpty()" because "this.text" is null
java.lang.NullPointerException: Cannot invoke "String.isEmpty()" because "this.text" is null
	at org.telegram.telegrambots.meta.api.objects.replykeyboard.buttons.InlineKeyboardButton.validate(InlineKeyboardButton.java:114)
	at org.telegram.telegrambots.meta.api.objects.replykeyboard.InlineKeyboardMarkup.validate(InlineKeyboardMarkup.java:49)
	at org.telegram.telegrambots.meta.api.methods.send.SendMessage.validate(SendMessage.java:151)
	at org.telegram.telegrambots.bots.DefaultAbsSender.sendMethodRequest(DefaultAbsSender.java:1070)
	at org.telegram.telegrambots.bots.DefaultAbsSender.sendApiMethod(DefaultAbsSender.java:1044)
	at org.telegram.telegrambots.meta.bots.AbsSender.execute(AbsSender.java:64)
	at com.example.telegrambot.service.TelegramBot.startQuiz(TelegramBot.java:87)
	at com.example.telegrambot.service.TelegramBot.onUpdateReceived(TelegramBot.java:53)
	at java.base/java.util.ArrayList.forEach(ArrayList.java:1511)
	at org.telegram.telegrambots.meta.generics.LongPollingBot.onUpdatesReceived(LongPollingBot.java:27)
	at org.telegram.telegrambots.updatesreceivers.DefaultBotSession$HandlerThread.run(DefaultBotSession.java:317)
2023-04-12 15:27:36,451 INFO c.e.t.TelegrambotApplication [main] Starting TelegrambotApplication using Java 17.0.2 with PID 18544 (D:\Projects\Telegram bot\telegrambot\target\classes started by Vadimas in D:\Projects\Telegram bot\telegrambot)
2023-04-12 15:27:36,453 INFO c.e.t.TelegrambotApplication [main] No active profile set, falling back to 1 default profile: "default"
2023-04-12 15:27:37,507 INFO o.s.b.w.e.t.TomcatWebServer [main] Tomcat initialized with port(s): 8080 (http)
2023-04-12 15:27:37,517 INFO o.a.c.h.Http11NioProtocol [main] Initializing ProtocolHandler ["http-nio-8080"]
2023-04-12 15:27:37,518 INFO o.a.c.c.StandardService [main] Starting service [Tomcat]
2023-04-12 15:27:37,518 INFO o.a.c.c.StandardEngine [main] Starting Servlet engine: [Apache Tomcat/10.1.7]
2023-04-12 15:27:37,639 INFO o.a.c.c.C.[.[.[/] [main] Initializing Spring embedded WebApplicationContext
2023-04-12 15:27:37,640 INFO o.s.b.w.s.c.ServletWebServerApplicationContext [main] Root WebApplicationContext: initialization completed in 1122 ms
2023-04-12 15:27:38,720 INFO o.a.c.h.Http11NioProtocol [main] Starting ProtocolHandler ["http-nio-8080"]
2023-04-12 15:27:38,746 INFO o.s.b.w.e.t.TomcatWebServer [main] Tomcat started on port(s): 8080 (http) with context path ''
2023-04-12 15:27:38,811 INFO c.e.t.TelegrambotApplication [main] Started TelegrambotApplication in 2.679 seconds (process running for 3.195)
2023-04-12 15:27:39,619 ERROR o.t.t.u.DefaultBotSession [java_dev_quiz_bot Telegram Executor] Cannot invoke "String.isEmpty()" because "this.text" is null
java.lang.NullPointerException: Cannot invoke "String.isEmpty()" because "this.text" is null
	at org.telegram.telegrambots.meta.api.objects.replykeyboard.buttons.InlineKeyboardButton.validate(InlineKeyboardButton.java:114)
	at org.telegram.telegrambots.meta.api.objects.replykeyboard.InlineKeyboardMarkup.validate(InlineKeyboardMarkup.java:49)
	at org.telegram.telegrambots.meta.api.methods.send.SendMessage.validate(SendMessage.java:151)
	at org.telegram.telegrambots.bots.DefaultAbsSender.sendMethodRequest(DefaultAbsSender.java:1070)
	at org.telegram.telegrambots.bots.DefaultAbsSender.sendApiMethod(DefaultAbsSender.java:1044)
	at org.telegram.telegrambots.meta.bots.AbsSender.execute(AbsSender.java:64)
	at com.example.telegrambot.service.TelegramBot.startQuiz(TelegramBot.java:87)
	at com.example.telegrambot.service.TelegramBot.onUpdateReceived(TelegramBot.java:53)
	at java.base/java.util.ArrayList.forEach(ArrayList.java:1511)
	at org.telegram.telegrambots.meta.generics.LongPollingBot.onUpdatesReceived(LongPollingBot.java:27)
	at org.telegram.telegrambots.updatesreceivers.DefaultBotSession$HandlerThread.run(DefaultBotSession.java:317)
2023-04-12 15:27:57,238 INFO c.e.t.s.TelegramBot [java_dev_quiz_bot Telegram Executor] Send message to 797947018 text - Hello, i am a simple bot, you can write me any message and i will return it to you)
2023-04-12 15:27:59,257 ERROR o.t.t.u.DefaultBotSession [java_dev_quiz_bot Telegram Executor] Cannot invoke "String.isEmpty()" because "this.text" is null
java.lang.NullPointerException: Cannot invoke "String.isEmpty()" because "this.text" is null
	at org.telegram.telegrambots.meta.api.objects.replykeyboard.buttons.InlineKeyboardButton.validate(InlineKeyboardButton.java:114)
	at org.telegram.telegrambots.meta.api.objects.replykeyboard.InlineKeyboardMarkup.validate(InlineKeyboardMarkup.java:49)
	at org.telegram.telegrambots.meta.api.methods.send.SendMessage.validate(SendMessage.java:151)
	at org.telegram.telegrambots.bots.DefaultAbsSender.sendMethodRequest(DefaultAbsSender.java:1070)
	at org.telegram.telegrambots.bots.DefaultAbsSender.sendApiMethod(DefaultAbsSender.java:1044)
	at org.telegram.telegrambots.meta.bots.AbsSender.execute(AbsSender.java:64)
	at com.example.telegrambot.service.TelegramBot.startQuiz(TelegramBot.java:87)
	at com.example.telegrambot.service.TelegramBot.onUpdateReceived(TelegramBot.java:53)
	at java.base/java.util.ArrayList.forEach(ArrayList.java:1511)
	at org.telegram.telegrambots.meta.generics.LongPollingBot.onUpdatesReceived(LongPollingBot.java:27)
	at org.telegram.telegrambots.updatesreceivers.DefaultBotSession$HandlerThread.run(DefaultBotSession.java:317)
2023-04-12 15:29:47,946 INFO c.e.t.TelegrambotApplication [main] Starting TelegrambotApplication using Java 17.0.2 with PID 14852 (D:\Projects\Telegram bot\telegrambot\target\classes started by Vadimas in D:\Projects\Telegram bot\telegrambot)
2023-04-12 15:29:47,948 INFO c.e.t.TelegrambotApplication [main] No active profile set, falling back to 1 default profile: "default"
2023-04-12 15:29:48,966 INFO o.s.b.w.e.t.TomcatWebServer [main] Tomcat initialized with port(s): 8080 (http)
2023-04-12 15:29:48,976 INFO o.a.c.h.Http11NioProtocol [main] Initializing ProtocolHandler ["http-nio-8080"]
2023-04-12 15:29:48,977 INFO o.a.c.c.StandardService [main] Starting service [Tomcat]
2023-04-12 15:29:48,977 INFO o.a.c.c.StandardEngine [main] Starting Servlet engine: [Apache Tomcat/10.1.7]
2023-04-12 15:29:49,088 INFO o.a.c.c.C.[.[.[/] [main] Initializing Spring embedded WebApplicationContext
2023-04-12 15:29:49,088 INFO o.s.b.w.s.c.ServletWebServerApplicationContext [main] Root WebApplicationContext: initialization completed in 1082 ms
2023-04-12 15:29:50,317 INFO o.a.c.h.Http11NioProtocol [main] Starting ProtocolHandler ["http-nio-8080"]
2023-04-12 15:29:50,347 INFO o.s.b.w.e.t.TomcatWebServer [main] Tomcat started on port(s): 8080 (http) with context path ''
2023-04-12 15:29:50,415 INFO c.e.t.TelegrambotApplication [main] Started TelegrambotApplication in 2.796 seconds (process running for 3.316)
2023-04-12 15:29:50,982 ERROR o.t.t.u.DefaultBotSession [java_dev_quiz_bot Telegram Executor] Cannot invoke "String.isEmpty()" because "this.text" is null
java.lang.NullPointerException: Cannot invoke "String.isEmpty()" because "this.text" is null
	at org.telegram.telegrambots.meta.api.objects.replykeyboard.buttons.InlineKeyboardButton.validate(InlineKeyboardButton.java:114)
	at org.telegram.telegrambots.meta.api.objects.replykeyboard.InlineKeyboardMarkup.validate(InlineKeyboardMarkup.java:49)
	at org.telegram.telegrambots.meta.api.methods.send.SendMessage.validate(SendMessage.java:151)
	at org.telegram.telegrambots.bots.DefaultAbsSender.sendMethodRequest(DefaultAbsSender.java:1070)
	at org.telegram.telegrambots.bots.DefaultAbsSender.sendApiMethod(DefaultAbsSender.java:1044)
	at org.telegram.telegrambots.meta.bots.AbsSender.execute(AbsSender.java:64)
	at com.example.telegrambot.service.TelegramBot.startQuiz(TelegramBot.java:87)
	at com.example.telegrambot.service.TelegramBot.onUpdateReceived(TelegramBot.java:53)
	at java.base/java.util.ArrayList.forEach(ArrayList.java:1511)
	at org.telegram.telegrambots.meta.generics.LongPollingBot.onUpdatesReceived(LongPollingBot.java:27)
	at org.telegram.telegrambots.updatesreceivers.DefaultBotSession$HandlerThread.run(DefaultBotSession.java:317)
2023-04-12 15:29:55,690 INFO c.e.t.s.TelegramBot [java_dev_quiz_bot Telegram Executor] Send message to 797947018 text - Hello, i am a simple bot, you can write me any message and i will return it to you)
2023-04-12 15:29:57,200 ERROR o.t.t.u.DefaultBotSession [java_dev_quiz_bot Telegram Executor] Cannot invoke "String.isEmpty()" because "this.text" is null
java.lang.NullPointerException: Cannot invoke "String.isEmpty()" because "this.text" is null
	at org.telegram.telegrambots.meta.api.objects.replykeyboard.buttons.InlineKeyboardButton.validate(InlineKeyboardButton.java:114)
	at org.telegram.telegrambots.meta.api.objects.replykeyboard.InlineKeyboardMarkup.validate(InlineKeyboardMarkup.java:49)
	at org.telegram.telegrambots.meta.api.methods.send.SendMessage.validate(SendMessage.java:151)
	at org.telegram.telegrambots.bots.DefaultAbsSender.sendMethodRequest(DefaultAbsSender.java:1070)
	at org.telegram.telegrambots.bots.DefaultAbsSender.sendApiMethod(DefaultAbsSender.java:1044)
	at org.telegram.telegrambots.meta.bots.AbsSender.execute(AbsSender.java:64)
	at com.example.telegrambot.service.TelegramBot.startQuiz(TelegramBot.java:87)
	at com.example.telegrambot.service.TelegramBot.onUpdateReceived(TelegramBot.java:53)
	at java.base/java.util.ArrayList.forEach(ArrayList.java:1511)
	at org.telegram.telegrambots.meta.generics.LongPollingBot.onUpdatesReceived(LongPollingBot.java:27)
	at org.telegram.telegrambots.updatesreceivers.DefaultBotSession$HandlerThread.run(DefaultBotSession.java:317)
2023-04-12 15:34:09,008 INFO c.e.t.TelegrambotApplication [main] Starting TelegrambotApplication using Java 17.0.2 with PID 15952 (D:\Projects\Telegram bot\telegrambot\target\classes started by Vadimas in D:\Projects\Telegram bot\telegrambot)
2023-04-12 15:34:09,011 INFO c.e.t.TelegrambotApplication [main] No active profile set, falling back to 1 default profile: "default"
2023-04-12 15:34:10,440 INFO o.s.b.w.e.t.TomcatWebServer [main] Tomcat initialized with port(s): 8080 (http)
2023-04-12 15:34:10,451 INFO o.a.c.h.Http11NioProtocol [main] Initializing ProtocolHandler ["http-nio-8080"]
2023-04-12 15:34:10,453 INFO o.a.c.c.StandardService [main] Starting service [Tomcat]
2023-04-12 15:34:10,454 INFO o.a.c.c.StandardEngine [main] Starting Servlet engine: [Apache Tomcat/10.1.7]
2023-04-12 15:34:10,645 INFO o.a.c.c.C.[.[.[/] [main] Initializing Spring embedded WebApplicationContext
2023-04-12 15:34:10,646 INFO o.s.b.w.s.c.ServletWebServerApplicationContext [main] Root WebApplicationContext: initialization completed in 1568 ms
2023-04-12 15:34:12,013 INFO o.a.c.h.Http11NioProtocol [main] Starting ProtocolHandler ["http-nio-8080"]
2023-04-12 15:34:12,050 INFO o.s.b.w.e.t.TomcatWebServer [main] Tomcat started on port(s): 8080 (http) with context path ''
2023-04-12 15:34:12,124 INFO c.e.t.TelegrambotApplication [main] Started TelegrambotApplication in 3.449 seconds (process running for 4.268)
2023-04-12 15:34:18,212 ERROR o.t.t.u.DefaultBotSession [java_dev_quiz_bot Telegram Executor] Cannot invoke "String.isEmpty()" because "this.text" is null
java.lang.NullPointerException: Cannot invoke "String.isEmpty()" because "this.text" is null
	at org.telegram.telegrambots.meta.api.objects.replykeyboard.buttons.InlineKeyboardButton.validate(InlineKeyboardButton.java:114)
	at org.telegram.telegrambots.meta.api.objects.replykeyboard.InlineKeyboardMarkup.validate(InlineKeyboardMarkup.java:49)
	at org.telegram.telegrambots.meta.api.methods.send.SendMessage.validate(SendMessage.java:151)
	at org.telegram.telegrambots.bots.DefaultAbsSender.sendMethodRequest(DefaultAbsSender.java:1070)
	at org.telegram.telegrambots.bots.DefaultAbsSender.sendApiMethod(DefaultAbsSender.java:1044)
	at org.telegram.telegrambots.meta.bots.AbsSender.execute(AbsSender.java:64)
	at com.example.telegrambot.service.TelegramBot.startQuiz(TelegramBot.java:87)
	at com.example.telegrambot.service.TelegramBot.onUpdateReceived(TelegramBot.java:53)
	at java.base/java.util.ArrayList.forEach(ArrayList.java:1511)
	at org.telegram.telegrambots.meta.generics.LongPollingBot.onUpdatesReceived(LongPollingBot.java:27)
	at org.telegram.telegrambots.updatesreceivers.DefaultBotSession$HandlerThread.run(DefaultBotSession.java:317)
2023-04-12 15:34:46,533 ERROR o.t.t.u.DefaultBotSession [java_dev_quiz_bot Telegram Executor] Cannot invoke "String.isEmpty()" because "this.text" is null
java.lang.NullPointerException: Cannot invoke "String.isEmpty()" because "this.text" is null
	at org.telegram.telegrambots.meta.api.objects.replykeyboard.buttons.InlineKeyboardButton.validate(InlineKeyboardButton.java:114)
	at org.telegram.telegrambots.meta.api.objects.replykeyboard.InlineKeyboardMarkup.validate(InlineKeyboardMarkup.java:49)
	at org.telegram.telegrambots.meta.api.methods.send.SendMessage.validate(SendMessage.java:151)
	at org.telegram.telegrambots.bots.DefaultAbsSender.sendMethodRequest(DefaultAbsSender.java:1070)
	at org.telegram.telegrambots.bots.DefaultAbsSender.sendApiMethod(DefaultAbsSender.java:1044)
	at org.telegram.telegrambots.meta.bots.AbsSender.execute(AbsSender.java:64)
	at com.example.telegrambot.service.TelegramBot.startQuiz(TelegramBot.java:87)
	at com.example.telegrambot.service.TelegramBot.onUpdateReceived(TelegramBot.java:53)
	at java.base/java.util.ArrayList.forEach(ArrayList.java:1511)
	at org.telegram.telegrambots.meta.generics.LongPollingBot.onUpdatesReceived(LongPollingBot.java:27)
	at org.telegram.telegrambots.updatesreceivers.DefaultBotSession$HandlerThread.run(DefaultBotSession.java:317)
2023-04-12 15:36:05,134 INFO c.e.t.TelegrambotApplication [main] Starting TelegrambotApplication using Java 17.0.2 with PID 4248 (D:\Projects\Telegram bot\telegrambot\target\classes started by Vadimas in D:\Projects\Telegram bot\telegrambot)
2023-04-12 15:36:05,137 INFO c.e.t.TelegrambotApplication [main] No active profile set, falling back to 1 default profile: "default"
2023-04-12 15:36:06,472 INFO o.s.b.w.e.t.TomcatWebServer [main] Tomcat initialized with port(s): 8080 (http)
2023-04-12 15:36:06,484 INFO o.a.c.h.Http11NioProtocol [main] Initializing ProtocolHandler ["http-nio-8080"]
2023-04-12 15:36:06,486 INFO o.a.c.c.StandardService [main] Starting service [Tomcat]
2023-04-12 15:36:06,486 INFO o.a.c.c.StandardEngine [main] Starting Servlet engine: [Apache Tomcat/10.1.7]
2023-04-12 15:36:06,656 INFO o.a.c.c.C.[.[.[/] [main] Initializing Spring embedded WebApplicationContext
2023-04-12 15:36:06,657 INFO o.s.b.w.s.c.ServletWebServerApplicationContext [main] Root WebApplicationContext: initialization completed in 1448 ms
2023-04-12 15:36:07,858 INFO o.a.c.h.Http11NioProtocol [main] Starting ProtocolHandler ["http-nio-8080"]
2023-04-12 15:36:07,893 INFO o.s.b.w.e.t.TomcatWebServer [main] Tomcat started on port(s): 8080 (http) with context path ''
2023-04-12 15:36:07,968 INFO c.e.t.TelegrambotApplication [main] Started TelegrambotApplication in 3.163 seconds (process running for 3.845)
2023-04-12 15:36:08,836 ERROR o.t.t.u.DefaultBotSession [java_dev_quiz_bot Telegram Executor] Cannot invoke "String.isEmpty()" because "this.text" is null
java.lang.NullPointerException: Cannot invoke "String.isEmpty()" because "this.text" is null
	at org.telegram.telegrambots.meta.api.objects.replykeyboard.buttons.InlineKeyboardButton.validate(InlineKeyboardButton.java:114)
	at org.telegram.telegrambots.meta.api.objects.replykeyboard.InlineKeyboardMarkup.validate(InlineKeyboardMarkup.java:49)
	at org.telegram.telegrambots.meta.api.methods.send.SendMessage.validate(SendMessage.java:151)
	at org.telegram.telegrambots.bots.DefaultAbsSender.sendMethodRequest(DefaultAbsSender.java:1070)
	at org.telegram.telegrambots.bots.DefaultAbsSender.sendApiMethod(DefaultAbsSender.java:1044)
	at org.telegram.telegrambots.meta.bots.AbsSender.execute(AbsSender.java:64)
	at com.example.telegrambot.service.TelegramBot.startQuiz(TelegramBot.java:88)
	at com.example.telegrambot.service.TelegramBot.onUpdateReceived(TelegramBot.java:53)
	at java.base/java.util.ArrayList.forEach(ArrayList.java:1511)
	at org.telegram.telegrambots.meta.generics.LongPollingBot.onUpdatesReceived(LongPollingBot.java:27)
	at org.telegram.telegrambots.updatesreceivers.DefaultBotSession$HandlerThread.run(DefaultBotSession.java:317)
2023-04-12 15:45:19,994 INFO c.e.t.TelegrambotApplication [main] Starting TelegrambotApplication using Java 17.0.2 with PID 13728 (D:\Projects\Telegram bot\telegrambot\target\classes started by Vadimas in D:\Projects\Telegram bot\telegrambot)
2023-04-12 15:45:19,996 INFO c.e.t.TelegrambotApplication [main] No active profile set, falling back to 1 default profile: "default"
2023-04-12 15:45:21,190 INFO o.s.b.w.e.t.TomcatWebServer [main] Tomcat initialized with port(s): 8080 (http)
2023-04-12 15:45:21,205 INFO o.a.c.h.Http11NioProtocol [main] Initializing ProtocolHandler ["http-nio-8080"]
2023-04-12 15:45:21,206 INFO o.a.c.c.StandardService [main] Starting service [Tomcat]
2023-04-12 15:45:21,206 INFO o.a.c.c.StandardEngine [main] Starting Servlet engine: [Apache Tomcat/10.1.7]
2023-04-12 15:45:21,360 INFO o.a.c.c.C.[.[.[/] [main] Initializing Spring embedded WebApplicationContext
2023-04-12 15:45:21,361 INFO o.s.b.w.s.c.ServletWebServerApplicationContext [main] Root WebApplicationContext: initialization completed in 1300 ms
2023-04-12 15:45:22,814 INFO o.a.c.h.Http11NioProtocol [main] Starting ProtocolHandler ["http-nio-8080"]
2023-04-12 15:45:22,867 INFO o.s.b.w.e.t.TomcatWebServer [main] Tomcat started on port(s): 8080 (http) with context path ''
2023-04-12 15:45:22,951 INFO c.e.t.TelegrambotApplication [main] Started TelegrambotApplication in 3.329 seconds (process running for 3.927)
2023-04-12 15:45:24,128 INFO c.e.t.s.TelegramBot [java_dev_quiz_bot Telegram Executor] Send message to 797947018 text - Hello, i am a simple bot, you can write me any message and i will return it to you)
2023-04-12 15:45:24,129 ERROR c.e.t.s.TelegramBot [java_dev_quiz_bot Telegram Executor] Error occurred in sendMessage function - org.telegram.telegrambots.meta.exceptions.TelegramApiValidationException: Text parameter can't be empty in method: SendMessage(chatId=797947018, text=null, parseMode=null, disableWebPagePreview=null, disableNotification=null, replyToMessageId=null, replyMarkup=null, entities=null, allowSendingWithoutReply=null, protectContent=null)
2023-04-12 15:59:10,319 INFO c.e.t.TelegrambotApplication [main] Starting TelegrambotApplication using Java 17.0.2 with PID 16776 (D:\Projects\Telegram bot\telegrambot\target\classes started by Vadimas in D:\Projects\Telegram bot\telegrambot)
2023-04-12 15:59:10,321 INFO c.e.t.TelegrambotApplication [main] No active profile set, falling back to 1 default profile: "default"
2023-04-12 15:59:11,491 INFO o.s.b.w.e.t.TomcatWebServer [main] Tomcat initialized with port(s): 8080 (http)
2023-04-12 15:59:11,504 INFO o.a.c.h.Http11NioProtocol [main] Initializing ProtocolHandler ["http-nio-8080"]
2023-04-12 15:59:11,505 INFO o.a.c.c.StandardService [main] Starting service [Tomcat]
2023-04-12 15:59:11,506 INFO o.a.c.c.StandardEngine [main] Starting Servlet engine: [Apache Tomcat/10.1.7]
2023-04-12 15:59:11,646 INFO o.a.c.c.C.[.[.[/] [main] Initializing Spring embedded WebApplicationContext
2023-04-12 15:59:11,647 INFO o.s.b.w.s.c.ServletWebServerApplicationContext [main] Root WebApplicationContext: initialization completed in 1258 ms
2023-04-12 15:59:12,655 INFO o.a.c.h.Http11NioProtocol [main] Starting ProtocolHandler ["http-nio-8080"]
2023-04-12 15:59:12,680 INFO o.s.b.w.e.t.TomcatWebServer [main] Tomcat started on port(s): 8080 (http) with context path ''
2023-04-12 15:59:12,746 INFO c.e.t.TelegrambotApplication [main] Started TelegrambotApplication in 2.774 seconds (process running for 3.38)
2023-04-12 16:03:25,905 ERROR o.t.t.u.DefaultBotSession [java_dev_quiz_bot Telegram Connection] api.telegram.org:443 failed to respond
org.apache.http.NoHttpResponseException: api.telegram.org:443 failed to respond
	at org.apache.http.impl.conn.DefaultHttpResponseParser.parseHead(DefaultHttpResponseParser.java:141)
	at org.apache.http.impl.conn.DefaultHttpResponseParser.parseHead(DefaultHttpResponseParser.java:56)
	at org.apache.http.impl.io.AbstractMessageParser.parse(AbstractMessageParser.java:259)
	at org.apache.http.impl.DefaultBHttpClientConnection.receiveResponseHeader(DefaultBHttpClientConnection.java:163)
	at org.apache.http.impl.conn.CPoolProxy.receiveResponseHeader(CPoolProxy.java:157)
	at org.apache.http.protocol.HttpRequestExecutor.doReceiveResponse(HttpRequestExecutor.java:273)
	at org.apache.http.protocol.HttpRequestExecutor.execute(HttpRequestExecutor.java:125)
	at org.apache.http.impl.execchain.MainClientExec.execute(MainClientExec.java:272)
	at org.apache.http.impl.execchain.ProtocolExec.execute(ProtocolExec.java:186)
	at org.apache.http.impl.execchain.RetryExec.execute(RetryExec.java:89)
	at org.apache.http.impl.execchain.RedirectExec.execute(RedirectExec.java:110)
	at org.apache.http.impl.client.InternalHttpClient.doExecute(InternalHttpClient.java:185)
	at org.apache.http.impl.client.CloseableHttpClient.execute(CloseableHttpClient.java:83)
	at org.telegram.telegrambots.updatesreceivers.DefaultBotSession$ReaderThread.getUpdatesFromServer(DefaultBotSession.java:250)
	at org.telegram.telegrambots.updatesreceivers.DefaultBotSession$ReaderThread.run(DefaultBotSession.java:189)
2023-04-12 16:03:35,786 ERROR o.t.t.u.DefaultBotSession [java_dev_quiz_bot Telegram Executor] Cannot invoke "String.isEmpty()" because "this.text" is null
java.lang.NullPointerException: Cannot invoke "String.isEmpty()" because "this.text" is null
	at org.telegram.telegrambots.meta.api.objects.replykeyboard.buttons.InlineKeyboardButton.validate(InlineKeyboardButton.java:114)
	at org.telegram.telegrambots.meta.api.objects.replykeyboard.InlineKeyboardMarkup.validate(InlineKeyboardMarkup.java:49)
	at org.telegram.telegrambots.meta.api.methods.send.SendMessage.validate(SendMessage.java:151)
	at org.telegram.telegrambots.bots.DefaultAbsSender.sendMethodRequest(DefaultAbsSender.java:1070)
	at org.telegram.telegrambots.bots.DefaultAbsSender.sendApiMethod(DefaultAbsSender.java:1044)
	at org.telegram.telegrambots.meta.bots.AbsSender.execute(AbsSender.java:64)
	at com.example.telegrambot.service.TelegramBot.startQuiz(TelegramBot.java:87)
	at com.example.telegrambot.service.TelegramBot.onUpdateReceived(TelegramBot.java:53)
	at java.base/java.util.ArrayList.forEach(ArrayList.java:1511)
	at org.telegram.telegrambots.meta.generics.LongPollingBot.onUpdatesReceived(LongPollingBot.java:27)
	at org.telegram.telegrambots.updatesreceivers.DefaultBotSession$HandlerThread.run(DefaultBotSession.java:317)
2023-04-12 16:06:24,233 INFO c.e.t.TelegrambotApplication [main] Starting TelegrambotApplication using Java 17.0.2 with PID 14516 (D:\Projects\Telegram bot\telegrambot\target\classes started by Vadimas in D:\Projects\Telegram bot\telegrambot)
2023-04-12 16:06:24,236 INFO c.e.t.TelegrambotApplication [main] No active profile set, falling back to 1 default profile: "default"
2023-04-12 16:06:25,524 INFO o.s.b.w.e.t.TomcatWebServer [main] Tomcat initialized with port(s): 8080 (http)
2023-04-12 16:06:25,536 INFO o.a.c.h.Http11NioProtocol [main] Initializing ProtocolHandler ["http-nio-8080"]
2023-04-12 16:06:25,537 INFO o.a.c.c.StandardService [main] Starting service [Tomcat]
2023-04-12 16:06:25,537 INFO o.a.c.c.StandardEngine [main] Starting Servlet engine: [Apache Tomcat/10.1.7]
2023-04-12 16:06:25,685 INFO o.a.c.c.C.[.[.[/] [main] Initializing Spring embedded WebApplicationContext
2023-04-12 16:06:25,686 INFO o.s.b.w.s.c.ServletWebServerApplicationContext [main] Root WebApplicationContext: initialization completed in 1376 ms
2023-04-12 16:06:26,782 INFO o.a.c.h.Http11NioProtocol [main] Starting ProtocolHandler ["http-nio-8080"]
2023-04-12 16:06:26,806 INFO o.s.b.w.e.t.TomcatWebServer [main] Tomcat started on port(s): 8080 (http) with context path ''
2023-04-12 16:06:26,869 INFO c.e.t.TelegrambotApplication [main] Started TelegrambotApplication in 3.0 seconds (process running for 3.653)
2023-04-12 16:07:02,400 ERROR o.t.t.u.DefaultBotSession [java_dev_quiz_bot Telegram Executor] Cannot invoke "String.isEmpty()" because "this.text" is null
java.lang.NullPointerException: Cannot invoke "String.isEmpty()" because "this.text" is null
	at org.telegram.telegrambots.meta.api.objects.replykeyboard.buttons.InlineKeyboardButton.validate(InlineKeyboardButton.java:114)
	at org.telegram.telegrambots.meta.api.objects.replykeyboard.InlineKeyboardMarkup.validate(InlineKeyboardMarkup.java:49)
	at org.telegram.telegrambots.meta.api.methods.send.SendMessage.validate(SendMessage.java:151)
	at org.telegram.telegrambots.bots.DefaultAbsSender.sendMethodRequest(DefaultAbsSender.java:1070)
	at org.telegram.telegrambots.bots.DefaultAbsSender.sendApiMethod(DefaultAbsSender.java:1044)
	at org.telegram.telegrambots.meta.bots.AbsSender.execute(AbsSender.java:64)
	at com.example.telegrambot.service.TelegramBot.startQuiz(TelegramBot.java:88)
	at com.example.telegrambot.service.TelegramBot.onUpdateReceived(TelegramBot.java:53)
	at java.base/java.util.ArrayList.forEach(ArrayList.java:1511)
	at org.telegram.telegrambots.meta.generics.LongPollingBot.onUpdatesReceived(LongPollingBot.java:27)
	at org.telegram.telegrambots.updatesreceivers.DefaultBotSession$HandlerThread.run(DefaultBotSession.java:317)
2023-04-12 16:10:55,692 INFO c.e.t.TelegrambotApplication [main] Starting TelegrambotApplication using Java 17.0.2 with PID 7332 (D:\Projects\Telegram bot\telegrambot\target\classes started by Vadimas in D:\Projects\Telegram bot\telegrambot)
2023-04-12 16:10:55,696 INFO c.e.t.TelegrambotApplication [main] No active profile set, falling back to 1 default profile: "default"
2023-04-12 16:10:56,912 INFO o.s.b.w.e.t.TomcatWebServer [main] Tomcat initialized with port(s): 8080 (http)
2023-04-12 16:10:56,923 INFO o.a.c.h.Http11NioProtocol [main] Initializing ProtocolHandler ["http-nio-8080"]
2023-04-12 16:10:56,924 INFO o.a.c.c.StandardService [main] Starting service [Tomcat]
2023-04-12 16:10:56,925 INFO o.a.c.c.StandardEngine [main] Starting Servlet engine: [Apache Tomcat/10.1.7]
2023-04-12 16:10:57,068 INFO o.a.c.c.C.[.[.[/] [main] Initializing Spring embedded WebApplicationContext
2023-04-12 16:10:57,069 INFO o.s.b.w.s.c.ServletWebServerApplicationContext [main] Root WebApplicationContext: initialization completed in 1310 ms
2023-04-12 16:10:58,069 INFO o.a.c.h.Http11NioProtocol [main] Starting ProtocolHandler ["http-nio-8080"]
2023-04-12 16:10:58,093 INFO o.s.b.w.e.t.TomcatWebServer [main] Tomcat started on port(s): 8080 (http) with context path ''
2023-04-12 16:10:58,154 INFO c.e.t.TelegrambotApplication [main] Started TelegrambotApplication in 2.776 seconds (process running for 3.384)
2023-04-12 16:12:59,962 ERROR o.t.t.u.DefaultBotSession [java_dev_quiz_bot Telegram Executor] Cannot invoke "String.isEmpty()" because "this.text" is null
java.lang.NullPointerException: Cannot invoke "String.isEmpty()" because "this.text" is null
	at org.telegram.telegrambots.meta.api.objects.replykeyboard.buttons.InlineKeyboardButton.validate(InlineKeyboardButton.java:114)
	at org.telegram.telegrambots.meta.api.objects.replykeyboard.InlineKeyboardMarkup.validate(InlineKeyboardMarkup.java:49)
	at org.telegram.telegrambots.meta.api.methods.send.SendMessage.validate(SendMessage.java:151)
	at org.telegram.telegrambots.bots.DefaultAbsSender.sendMethodRequest(DefaultAbsSender.java:1070)
	at org.telegram.telegrambots.bots.DefaultAbsSender.sendApiMethod(DefaultAbsSender.java:1044)
	at org.telegram.telegrambots.meta.bots.AbsSender.execute(AbsSender.java:64)
	at com.example.telegrambot.service.TelegramBot.startQuiz(TelegramBot.java:88)
	at com.example.telegrambot.service.TelegramBot.onUpdateReceived(TelegramBot.java:53)
	at java.base/java.util.ArrayList.forEach(ArrayList.java:1511)
	at org.telegram.telegrambots.meta.generics.LongPollingBot.onUpdatesReceived(LongPollingBot.java:27)
	at org.telegram.telegrambots.updatesreceivers.DefaultBotSession$HandlerThread.run(DefaultBotSession.java:317)
2023-04-12 16:22:37,179 ERROR o.t.t.u.DefaultBotSession [java_dev_quiz_bot Telegram Executor] Cannot invoke "String.isEmpty()" because "this.text" is null
java.lang.NullPointerException: Cannot invoke "String.isEmpty()" because "this.text" is null
	at org.telegram.telegrambots.meta.api.objects.replykeyboard.buttons.InlineKeyboardButton.validate(InlineKeyboardButton.java:114)
	at org.telegram.telegrambots.meta.api.objects.replykeyboard.InlineKeyboardMarkup.validate(InlineKeyboardMarkup.java:49)
	at org.telegram.telegrambots.meta.api.methods.send.SendMessage.validate(SendMessage.java:151)
	at org.telegram.telegrambots.bots.DefaultAbsSender.sendMethodRequest(DefaultAbsSender.java:1070)
	at org.telegram.telegrambots.bots.DefaultAbsSender.sendApiMethod(DefaultAbsSender.java:1044)
	at org.telegram.telegrambots.meta.bots.AbsSender.execute(AbsSender.java:64)
	at com.example.telegrambot.service.TelegramBot.startQuiz(TelegramBot.java:88)
	at com.example.telegrambot.service.TelegramBot.onUpdateReceived(TelegramBot.java:53)
	at java.base/java.util.ArrayList.forEach(ArrayList.java:1511)
	at org.telegram.telegrambots.meta.generics.LongPollingBot.onUpdatesReceived(LongPollingBot.java:27)
	at org.telegram.telegrambots.updatesreceivers.DefaultBotSession$HandlerThread.run(DefaultBotSession.java:317)
2023-04-12 16:23:14,103 INFO c.e.t.TelegrambotApplication [main] Starting TelegrambotApplication using Java 17.0.2 with PID 14536 (D:\Projects\Telegram bot\telegrambot\target\classes started by Vadimas in D:\Projects\Telegram bot\telegrambot)
2023-04-12 16:23:14,105 INFO c.e.t.TelegrambotApplication [main] No active profile set, falling back to 1 default profile: "default"
2023-04-12 16:23:15,203 INFO o.s.b.w.e.t.TomcatWebServer [main] Tomcat initialized with port(s): 8080 (http)
2023-04-12 16:23:15,214 INFO o.a.c.h.Http11NioProtocol [main] Initializing ProtocolHandler ["http-nio-8080"]
2023-04-12 16:23:15,215 INFO o.a.c.c.StandardService [main] Starting service [Tomcat]
2023-04-12 16:23:15,215 INFO o.a.c.c.StandardEngine [main] Starting Servlet engine: [Apache Tomcat/10.1.7]
2023-04-12 16:23:15,357 INFO o.a.c.c.C.[.[.[/] [main] Initializing Spring embedded WebApplicationContext
2023-04-12 16:23:15,358 INFO o.s.b.w.s.c.ServletWebServerApplicationContext [main] Root WebApplicationContext: initialization completed in 1187 ms
2023-04-12 16:23:16,553 INFO o.a.c.h.Http11NioProtocol [main] Starting ProtocolHandler ["http-nio-8080"]
2023-04-12 16:23:16,576 INFO o.s.b.w.e.t.TomcatWebServer [main] Tomcat started on port(s): 8080 (http) with context path ''
2023-04-12 16:23:16,639 INFO c.e.t.TelegrambotApplication [main] Started TelegrambotApplication in 2.855 seconds (process running for 3.582)
2023-04-12 16:23:16,872 ERROR o.t.t.u.DefaultBotSession [java_dev_quiz_bot Telegram Executor] Cannot invoke "String.isEmpty()" because "this.text" is null
java.lang.NullPointerException: Cannot invoke "String.isEmpty()" because "this.text" is null
	at org.telegram.telegrambots.meta.api.objects.replykeyboard.buttons.InlineKeyboardButton.validate(InlineKeyboardButton.java:114)
	at org.telegram.telegrambots.meta.api.objects.replykeyboard.InlineKeyboardMarkup.validate(InlineKeyboardMarkup.java:49)
	at org.telegram.telegrambots.meta.api.methods.send.SendMessage.validate(SendMessage.java:151)
	at org.telegram.telegrambots.bots.DefaultAbsSender.sendMethodRequest(DefaultAbsSender.java:1070)
	at org.telegram.telegrambots.bots.DefaultAbsSender.sendApiMethod(DefaultAbsSender.java:1044)
	at org.telegram.telegrambots.meta.bots.AbsSender.execute(AbsSender.java:64)
	at com.example.telegrambot.service.TelegramBot.startQuiz(TelegramBot.java:88)
	at com.example.telegrambot.service.TelegramBot.onUpdateReceived(TelegramBot.java:53)
	at java.base/java.util.ArrayList.forEach(ArrayList.java:1511)
	at org.telegram.telegrambots.meta.generics.LongPollingBot.onUpdatesReceived(LongPollingBot.java:27)
	at org.telegram.telegrambots.updatesreceivers.DefaultBotSession$HandlerThread.run(DefaultBotSession.java:317)
2023-04-12 16:23:40,951 INFO c.e.t.TelegrambotApplication [main] Starting TelegrambotApplication using Java 17.0.2 with PID 17912 (D:\Projects\Telegram bot\telegrambot\target\classes started by Vadimas in D:\Projects\Telegram bot\telegrambot)
2023-04-12 16:23:40,955 INFO c.e.t.TelegrambotApplication [main] No active profile set, falling back to 1 default profile: "default"
2023-04-12 16:23:42,412 INFO o.s.b.w.e.t.TomcatWebServer [main] Tomcat initialized with port(s): 8080 (http)
2023-04-12 16:23:42,425 INFO o.a.c.h.Http11NioProtocol [main] Initializing ProtocolHandler ["http-nio-8080"]
2023-04-12 16:23:42,426 INFO o.a.c.c.StandardService [main] Starting service [Tomcat]
2023-04-12 16:23:42,426 INFO o.a.c.c.StandardEngine [main] Starting Servlet engine: [Apache Tomcat/10.1.7]
2023-04-12 16:23:42,558 INFO o.a.c.c.C.[.[.[/] [main] Initializing Spring embedded WebApplicationContext
2023-04-12 16:23:42,559 INFO o.s.b.w.s.c.ServletWebServerApplicationContext [main] Root WebApplicationContext: initialization completed in 1548 ms
2023-04-12 16:23:43,556 INFO o.a.c.h.Http11NioProtocol [main] Starting ProtocolHandler ["http-nio-8080"]
2023-04-12 16:23:43,582 INFO o.s.b.w.e.t.TomcatWebServer [main] Tomcat started on port(s): 8080 (http) with context path ''
2023-04-12 16:23:43,653 INFO c.e.t.TelegrambotApplication [main] Started TelegrambotApplication in 3.067 seconds (process running for 3.636)
2023-04-12 16:23:43,879 ERROR o.t.t.u.DefaultBotSession [java_dev_quiz_bot Telegram Executor] Cannot invoke "String.isEmpty()" because "this.text" is null
java.lang.NullPointerException: Cannot invoke "String.isEmpty()" because "this.text" is null
	at org.telegram.telegrambots.meta.api.objects.replykeyboard.buttons.InlineKeyboardButton.validate(InlineKeyboardButton.java:114)
	at org.telegram.telegrambots.meta.api.objects.replykeyboard.InlineKeyboardMarkup.validate(InlineKeyboardMarkup.java:49)
	at org.telegram.telegrambots.meta.api.methods.send.SendMessage.validate(SendMessage.java:151)
	at org.telegram.telegrambots.bots.DefaultAbsSender.sendMethodRequest(DefaultAbsSender.java:1070)
	at org.telegram.telegrambots.bots.DefaultAbsSender.sendApiMethod(DefaultAbsSender.java:1044)
	at org.telegram.telegrambots.meta.bots.AbsSender.execute(AbsSender.java:64)
	at com.example.telegrambot.service.TelegramBot.startQuiz(TelegramBot.java:88)
	at com.example.telegrambot.service.TelegramBot.onUpdateReceived(TelegramBot.java:53)
	at java.base/java.util.ArrayList.forEach(ArrayList.java:1511)
	at org.telegram.telegrambots.meta.generics.LongPollingBot.onUpdatesReceived(LongPollingBot.java:27)
	at org.telegram.telegrambots.updatesreceivers.DefaultBotSession$HandlerThread.run(DefaultBotSession.java:317)
2023-04-12 16:24:37,514 INFO c.e.t.TelegrambotApplication [main] Starting TelegrambotApplication using Java 17.0.2 with PID 3120 (D:\Projects\Telegram bot\telegrambot\target\classes started by Vadimas in D:\Projects\Telegram bot\telegrambot)
2023-04-12 16:24:37,517 INFO c.e.t.TelegrambotApplication [main] No active profile set, falling back to 1 default profile: "default"
2023-04-12 16:24:38,679 INFO o.s.b.w.e.t.TomcatWebServer [main] Tomcat initialized with port(s): 8080 (http)
2023-04-12 16:24:38,687 INFO o.a.c.h.Http11NioProtocol [main] Initializing ProtocolHandler ["http-nio-8080"]
2023-04-12 16:24:38,688 INFO o.a.c.c.StandardService [main] Starting service [Tomcat]
2023-04-12 16:24:38,688 INFO o.a.c.c.StandardEngine [main] Starting Servlet engine: [Apache Tomcat/10.1.7]
2023-04-12 16:24:38,807 INFO o.a.c.c.C.[.[.[/] [main] Initializing Spring embedded WebApplicationContext
2023-04-12 16:24:38,808 INFO o.s.b.w.s.c.ServletWebServerApplicationContext [main] Root WebApplicationContext: initialization completed in 1229 ms
2023-04-12 16:24:40,035 INFO o.a.c.h.Http11NioProtocol [main] Starting ProtocolHandler ["http-nio-8080"]
2023-04-12 16:24:40,059 INFO o.s.b.w.e.t.TomcatWebServer [main] Tomcat started on port(s): 8080 (http) with context path ''
2023-04-12 16:24:40,118 INFO c.e.t.TelegrambotApplication [main] Started TelegrambotApplication in 2.938 seconds (process running for 3.552)
2023-04-12 16:59:45,571 INFO c.e.t.TelegrambotApplication [main] Starting TelegrambotApplication using Java 17.0.2 with PID 18212 (D:\Projects\Telegram bot\telegrambot\target\classes started by Vadimas in D:\Projects\Telegram bot\telegrambot)
2023-04-12 16:59:45,574 INFO c.e.t.TelegrambotApplication [main] No active profile set, falling back to 1 default profile: "default"
2023-04-12 16:59:46,826 INFO o.s.b.w.e.t.TomcatWebServer [main] Tomcat initialized with port(s): 8080 (http)
2023-04-12 16:59:46,837 INFO o.a.c.h.Http11NioProtocol [main] Initializing ProtocolHandler ["http-nio-8080"]
2023-04-12 16:59:46,838 INFO o.a.c.c.StandardService [main] Starting service [Tomcat]
2023-04-12 16:59:46,838 INFO o.a.c.c.StandardEngine [main] Starting Servlet engine: [Apache Tomcat/10.1.7]
2023-04-12 16:59:46,966 INFO o.a.c.c.C.[.[.[/] [main] Initializing Spring embedded WebApplicationContext
2023-04-12 16:59:46,966 INFO o.s.b.w.s.c.ServletWebServerApplicationContext [main] Root WebApplicationContext: initialization completed in 1332 ms
2023-04-12 16:59:48,323 INFO o.a.c.h.Http11NioProtocol [main] Starting ProtocolHandler ["http-nio-8080"]
2023-04-12 16:59:48,352 INFO o.s.b.w.e.t.TomcatWebServer [main] Tomcat started on port(s): 8080 (http) with context path ''
2023-04-12 16:59:48,418 INFO c.e.t.TelegrambotApplication [main] Started TelegrambotApplication in 3.176 seconds (process running for 3.744)
2023-04-12 16:59:53,168 INFO c.e.t.s.TelegramBot [java_dev_quiz_bot Telegram Executor] Send message to 797947018 text - Hello, i am a simple bot, you can write me any message and i will return it to you)
2023-04-12 17:02:11,158 INFO c.e.t.TelegrambotApplication [main] Starting TelegrambotApplication using Java 17.0.2 with PID 18412 (D:\Projects\Telegram bot\telegrambot\target\classes started by Vadimas in D:\Projects\Telegram bot\telegrambot)
2023-04-12 17:02:11,160 INFO c.e.t.TelegrambotApplication [main] No active profile set, falling back to 1 default profile: "default"
2023-04-12 17:02:12,339 INFO o.s.b.w.e.t.TomcatWebServer [main] Tomcat initialized with port(s): 8080 (http)
2023-04-12 17:02:12,355 INFO o.a.c.h.Http11NioProtocol [main] Initializing ProtocolHandler ["http-nio-8080"]
2023-04-12 17:02:12,356 INFO o.a.c.c.StandardService [main] Starting service [Tomcat]
2023-04-12 17:02:12,356 INFO o.a.c.c.StandardEngine [main] Starting Servlet engine: [Apache Tomcat/10.1.7]
2023-04-12 17:02:12,484 INFO o.a.c.c.C.[.[.[/] [main] Initializing Spring embedded WebApplicationContext
2023-04-12 17:02:12,485 INFO o.s.b.w.s.c.ServletWebServerApplicationContext [main] Root WebApplicationContext: initialization completed in 1267 ms
2023-04-12 17:02:13,470 INFO o.a.c.h.Http11NioProtocol [main] Starting ProtocolHandler ["http-nio-8080"]
2023-04-12 17:02:13,499 INFO o.s.b.w.e.t.TomcatWebServer [main] Tomcat started on port(s): 8080 (http) with context path ''
2023-04-12 17:02:13,559 INFO c.e.t.TelegrambotApplication [main] Started TelegrambotApplication in 2.745 seconds (process running for 3.292)
